Determining if the pthread_create exist failed with the following output:
Change Dir: /home/jimbo/Projects/imdl-mapperbot/ros_roscosmos/catkin_ws/build/CMakeFiles/CMakeTmp

Run Build Command:/usr/bin/make "cmTryCompileExec463666842/fast"
/usr/bin/make -f CMakeFiles/cmTryCompileExec463666842.dir/build.make CMakeFiles/cmTryCompileExec463666842.dir/build
make[1]: Entering directory `/home/jimbo/Projects/imdl-mapperbot/ros_roscosmos/catkin_ws/build/CMakeFiles/CMakeTmp'
/usr/bin/cmake -E cmake_progress_report /home/jimbo/Projects/imdl-mapperbot/ros_roscosmos/catkin_ws/build/CMakeFiles/CMakeTmp/CMakeFiles 1
Building C object CMakeFiles/cmTryCompileExec463666842.dir/CheckSymbolExists.c.o
/usr/bin/cc    -o CMakeFiles/cmTryCompileExec463666842.dir/CheckSymbolExists.c.o   -c /home/jimbo/Projects/imdl-mapperbot/ros_roscosmos/catkin_ws/build/CMakeFiles/CMakeTmp/CheckSymbolExists.c
Linking C executable cmTryCompileExec463666842
/usr/bin/cmake -E cmake_link_script CMakeFiles/cmTryCompileExec463666842.dir/link.txt --verbose=1
/usr/bin/cc       CMakeFiles/cmTryCompileExec463666842.dir/CheckSymbolExists.c.o  -o cmTryCompileExec463666842 -rdynamic 
CMakeFiles/cmTryCompileExec463666842.dir/CheckSymbolExists.c.o: In function `main':
CheckSymbolExists.c:(.text+0x16): undefined reference to `pthread_create'
collect2: error: ld returned 1 exit status
make[1]: Leaving directory `/home/jimbo/Projects/imdl-mapperbot/ros_roscosmos/catkin_ws/build/CMakeFiles/CMakeTmp'
make[1]: *** [cmTryCompileExec463666842] Error 1
make: *** [cmTryCompileExec463666842/fast] Error 2

File /home/jimbo/Projects/imdl-mapperbot/ros_roscosmos/catkin_ws/build/CMakeFiles/CMakeTmp/CheckSymbolExists.c:
/* */
#include <pthread.h>

int main(int argc, char** argv)
{
  (void)argv;
#ifndef pthread_create
  return ((int*)(&pthread_create))[argc];
#else
  (void)argc;
  return 0;
#endif
}

Determining if the function pthread_create exists in the pthreads failed with the following output:
Change Dir: /home/jimbo/Projects/imdl-mapperbot/ros_roscosmos/catkin_ws/build/CMakeFiles/CMakeTmp

Run Build Command:/usr/bin/make "cmTryCompileExec1321884814/fast"
/usr/bin/make -f CMakeFiles/cmTryCompileExec1321884814.dir/build.make CMakeFiles/cmTryCompileExec1321884814.dir/build
make[1]: Entering directory `/home/jimbo/Projects/imdl-mapperbot/ros_roscosmos/catkin_ws/build/CMakeFiles/CMakeTmp'
/usr/bin/cmake -E cmake_progress_report /home/jimbo/Projects/imdl-mapperbot/ros_roscosmos/catkin_ws/build/CMakeFiles/CMakeTmp/CMakeFiles 1
Building C object CMakeFiles/cmTryCompileExec1321884814.dir/CheckFunctionExists.c.o
/usr/bin/cc   -DCHECK_FUNCTION_EXISTS=pthread_create   -o CMakeFiles/cmTryCompileExec1321884814.dir/CheckFunctionExists.c.o   -c /usr/share/cmake-2.8/Modules/CheckFunctionExists.c
Linking C executable cmTryCompileExec1321884814
/usr/bin/cmake -E cmake_link_script CMakeFiles/cmTryCompileExec1321884814.dir/link.txt --verbose=1
/usr/bin/cc   -DCHECK_FUNCTION_EXISTS=pthread_create    CMakeFiles/cmTryCompileExec1321884814.dir/CheckFunctionExists.c.o  -o cmTryCompileExec1321884814 -rdynamic -lpthreads 
/usr/bin/ld: cannot find -lpthreads
collect2: error: ld returned 1 exit status
make[1]: Leaving directory `/home/jimbo/Projects/imdl-mapperbot/ros_roscosmos/catkin_ws/build/CMakeFiles/CMakeTmp'
make[1]: *** [cmTryCompileExec1321884814] Error 1
make: *** [cmTryCompileExec1321884814/fast] Error 2


Determining if the Q_WS_WIN exist failed with the following output:
Change Dir: /home/jimbo/Projects/imdl-mapperbot/ros_roscosmos/catkin_ws/build/CMakeFiles/CMakeTmp

Run Build Command:/usr/bin/make "cmTryCompileExec1596393628/fast"
make[1]: Entering directory `/home/jimbo/Projects/imdl-mapperbot/ros_roscosmos/catkin_ws/build/CMakeFiles/CMakeTmp'
/usr/bin/make -f CMakeFiles/cmTryCompileExec1596393628.dir/build.make CMakeFiles/cmTryCompileExec1596393628.dir/build
make[2]: Entering directory `/home/jimbo/Projects/imdl-mapperbot/ros_roscosmos/catkin_ws/build/CMakeFiles/CMakeTmp'
/usr/bin/cmake -E cmake_progress_report /home/jimbo/Projects/imdl-mapperbot/ros_roscosmos/catkin_ws/build/CMakeFiles/CMakeTmp/CMakeFiles 1
Building CXX object CMakeFiles/cmTryCompileExec1596393628.dir/CheckSymbolExists.cxx.o
/usr/bin/c++    -O3 -fPIC -std=c++0x  -Wno-deprecated  -I/usr/include/qt4    -o CMakeFiles/cmTryCompileExec1596393628.dir/CheckSymbolExists.cxx.o -c /home/jimbo/Projects/imdl-mapperbot/ros_roscosmos/catkin_ws/build/CMakeFiles/CMakeTmp/CheckSymbolExists.cxx
/home/jimbo/Projects/imdl-mapperbot/ros_roscosmos/catkin_ws/build/CMakeFiles/CMakeTmp/CheckSymbolExists.cxx: In function ‘int main(int, char**)’:
/home/jimbo/Projects/imdl-mapperbot/ros_roscosmos/catkin_ws/build/CMakeFiles/CMakeTmp/CheckSymbolExists.cxx:8:19: error: ‘Q_WS_WIN’ was not declared in this scope
   return ((int*)(&Q_WS_WIN))[argc];
                   ^
make[2]: *** [CMakeFiles/cmTryCompileExec1596393628.dir/CheckSymbolExists.cxx.o] Error 1
make[2]: Leaving directory `/home/jimbo/Projects/imdl-mapperbot/ros_roscosmos/catkin_ws/build/CMakeFiles/CMakeTmp'
make[1]: Leaving directory `/home/jimbo/Projects/imdl-mapperbot/ros_roscosmos/catkin_ws/build/CMakeFiles/CMakeTmp'
make[1]: *** [cmTryCompileExec1596393628/fast] Error 2

File /home/jimbo/Projects/imdl-mapperbot/ros_roscosmos/catkin_ws/build/CMakeFiles/CMakeTmp/CheckSymbolExists.cxx:
/* */
#include <QtCore/qglobal.h>

int main(int argc, char** argv)
{
  (void)argv;
#ifndef Q_WS_WIN
  return ((int*)(&Q_WS_WIN))[argc];
#else
  (void)argc;
  return 0;
#endif
}

Determining if the Q_WS_QWS exist failed with the following output:
Change Dir: /home/jimbo/Projects/imdl-mapperbot/ros_roscosmos/catkin_ws/build/CMakeFiles/CMakeTmp

Run Build Command:/usr/bin/make "cmTryCompileExec127953796/fast"
make[1]: Entering directory `/home/jimbo/Projects/imdl-mapperbot/ros_roscosmos/catkin_ws/build/CMakeFiles/CMakeTmp'
/usr/bin/make -f CMakeFiles/cmTryCompileExec127953796.dir/build.make CMakeFiles/cmTryCompileExec127953796.dir/build
make[2]: Entering directory `/home/jimbo/Projects/imdl-mapperbot/ros_roscosmos/catkin_ws/build/CMakeFiles/CMakeTmp'
/usr/bin/cmake -E cmake_progress_report /home/jimbo/Projects/imdl-mapperbot/ros_roscosmos/catkin_ws/build/CMakeFiles/CMakeTmp/CMakeFiles 1
Building CXX object CMakeFiles/cmTryCompileExec127953796.dir/CheckSymbolExists.cxx.o
/usr/bin/c++    -O3 -fPIC -std=c++0x  -Wno-deprecated  -I/usr/include/qt4    -o CMakeFiles/cmTryCompileExec127953796.dir/CheckSymbolExists.cxx.o -c /home/jimbo/Projects/imdl-mapperbot/ros_roscosmos/catkin_ws/build/CMakeFiles/CMakeTmp/CheckSymbolExists.cxx
/home/jimbo/Projects/imdl-mapperbot/ros_roscosmos/catkin_ws/build/CMakeFiles/CMakeTmp/CheckSymbolExists.cxx: In function ‘int main(int, char**)’:
/home/jimbo/Projects/imdl-mapperbot/ros_roscosmos/catkin_ws/build/CMakeFiles/CMakeTmp/CheckSymbolExists.cxx:8:19: error: ‘Q_WS_QWS’ was not declared in this scope
   return ((int*)(&Q_WS_QWS))[argc];
                   ^
make[2]: *** [CMakeFiles/cmTryCompileExec127953796.dir/CheckSymbolExists.cxx.o] Error 1
make[2]: Leaving directory `/home/jimbo/Projects/imdl-mapperbot/ros_roscosmos/catkin_ws/build/CMakeFiles/CMakeTmp'
make[1]: *** [cmTryCompileExec127953796/fast] Error 2
make[1]: Leaving directory `/home/jimbo/Projects/imdl-mapperbot/ros_roscosmos/catkin_ws/build/CMakeFiles/CMakeTmp'

File /home/jimbo/Projects/imdl-mapperbot/ros_roscosmos/catkin_ws/build/CMakeFiles/CMakeTmp/CheckSymbolExists.cxx:
/* */
#include <QtCore/qglobal.h>

int main(int argc, char** argv)
{
  (void)argv;
#ifndef Q_WS_QWS
  return ((int*)(&Q_WS_QWS))[argc];
#else
  (void)argc;
  return 0;
#endif
}

Determining if the Q_WS_MAC exist failed with the following output:
Change Dir: /home/jimbo/Projects/imdl-mapperbot/ros_roscosmos/catkin_ws/build/CMakeFiles/CMakeTmp

Run Build Command:/usr/bin/make "cmTryCompileExec3319990381/fast"
make[1]: Entering directory `/home/jimbo/Projects/imdl-mapperbot/ros_roscosmos/catkin_ws/build/CMakeFiles/CMakeTmp'
/usr/bin/make -f CMakeFiles/cmTryCompileExec3319990381.dir/build.make CMakeFiles/cmTryCompileExec3319990381.dir/build
make[2]: Entering directory `/home/jimbo/Projects/imdl-mapperbot/ros_roscosmos/catkin_ws/build/CMakeFiles/CMakeTmp'
/usr/bin/cmake -E cmake_progress_report /home/jimbo/Projects/imdl-mapperbot/ros_roscosmos/catkin_ws/build/CMakeFiles/CMakeTmp/CMakeFiles 1
Building CXX object CMakeFiles/cmTryCompileExec3319990381.dir/CheckSymbolExists.cxx.o
/usr/bin/c++    -O3 -fPIC -std=c++0x  -Wno-deprecated  -I/usr/include/qt4    -o CMakeFiles/cmTryCompileExec3319990381.dir/CheckSymbolExists.cxx.o -c /home/jimbo/Projects/imdl-mapperbot/ros_roscosmos/catkin_ws/build/CMakeFiles/CMakeTmp/CheckSymbolExists.cxx
/home/jimbo/Projects/imdl-mapperbot/ros_roscosmos/catkin_ws/build/CMakeFiles/CMakeTmp/CheckSymbolExists.cxx: In function ‘int main(int, char**)’:
/home/jimbo/Projects/imdl-mapperbot/ros_roscosmos/catkin_ws/build/CMakeFiles/CMakeTmp/CheckSymbolExists.cxx:8:19: error: ‘Q_WS_MAC’ was not declared in this scope
   return ((int*)(&Q_WS_MAC))[argc];
                   ^
make[2]: *** [CMakeFiles/cmTryCompileExec3319990381.dir/CheckSymbolExists.cxx.o] Error 1
make[2]: Leaving directory `/home/jimbo/Projects/imdl-mapperbot/ros_roscosmos/catkin_ws/build/CMakeFiles/CMakeTmp'
make[1]: Leaving directory `/home/jimbo/Projects/imdl-mapperbot/ros_roscosmos/catkin_ws/build/CMakeFiles/CMakeTmp'
make[1]: *** [cmTryCompileExec3319990381/fast] Error 2

File /home/jimbo/Projects/imdl-mapperbot/ros_roscosmos/catkin_ws/build/CMakeFiles/CMakeTmp/CheckSymbolExists.cxx:
/* */
#include <QtCore/qglobal.h>

int main(int argc, char** argv)
{
  (void)argv;
#ifndef Q_WS_MAC
  return ((int*)(&Q_WS_MAC))[argc];
#else
  (void)argc;
  return 0;
#endif
}

